2020-10-19 10:36:29,552 - 02demo.py - INFO - **********步骤一：查询事件**********
2020-10-19 10:36:29,552 - api_page.py - INFO - -----表单查询接口调用开始-----
2020-10-19 10:36:29,552 - api_page.py - INFO - cookie：9566D12F50FDD983A2ACA6D30CBA90A0
2020-10-19 10:36:29,552 - api_page.py - INFO - 接口地址：http://172.168.3.194:8010/bmbFlowdata/getListData?type=merge&?session_id=9566D12F50FDD983A2ACA6D30CBA90A0
2020-10-19 10:36:29,661 - api_page.py - INFO - -----表单查询接口调用结束-----
2020-10-19 10:36:29,661 - 02demo.py - INFO -  接口返回码为：200
2020-10-19 10:36:29,661 - 02demo.py - INFO -  接口返回内容：{'total': 0, 'data': []}
2020-10-19 10:36:48,151 - 02demo.py - INFO - **********步骤一：查询事件**********
2020-10-19 10:36:48,151 - api_page.py - INFO - -----表单查询接口调用开始-----
2020-10-19 10:36:57,698 - api_page.py - INFO - cookie：3ABC814E93C96B92941B86379A1F2FDC
2020-10-19 10:36:57,714 - api_page.py - INFO - 接口地址：http://172.168.3.194:8010/bmbFlowdata/getListData?type=merge&?session_id=3ABC814E93C96B92941B86379A1F2FDC
2020-10-19 10:36:57,823 - api_page.py - INFO - -----表单查询接口调用结束-----
2020-10-19 10:36:57,823 - 02demo.py - INFO -  接口返回码为：200
2020-10-19 10:36:57,823 - 02demo.py - INFO -  接口返回内容：{'total': 17, 'data': [{'status': '0', 'totalAll': 102, 'beginTime': '2020-10-16 10:01:47', 'endTime': '2020-10-16 10:12:24', 'JGKpiCode': 'JG3001', 'totalUser': 1, 'totalIps': 1, 'totalDstIps': 0, 'isRecord': 0, 'JGBatchId': '1', 'eventName': '违规外联告警', 'category': '配置合规性', 'level': '特别重大', 'triggerCondition': '发生即告警'}, {'status': '0', 'totalAll': 100, 'beginTime': '2020-10-16 10:12:16', 'endTime': '2020-10-16 10:12:16', 'JGKpiCode': 'JG2108', 'totalUser': 1, 'totalIps': 1, 'totalDstIps': 0, 'isRecord': 0, 'JGBatchId': '1', 'eventName': '存在文件共享目录', 'category': '配置合规性', 'level': '一般', 'triggerCondition': '发生即告警'}, {'status': '0', 'totalAll': 100, 'beginTime': '2020-10-16 10:12:28', 'endTime': '2020-10-16 10:12:28', 'JGKpiCode': 'JG3003', 'totalUser': 1, 'totalIps': 1, 'totalDstIps': 0, 'isRecord': 0, 'JGBatchId': '1', 'eventName': '高密低存（在低密级涉密信息系统中存储、处理高密级信息）', 'category': '数据安全保密', 'level': '重大', 'triggerCondition': '发生即告警'}, {'status': '0', 'totalAll': 100, 'beginTime': '2020-10-16 10:12:39', 'endTime': '2020-10-16 10:12:39', 'JGKpiCode': 'JG3028', 'totalUser': 1, 'totalIps': 1, 'totalDstIps': 0, 'isRecord': 0, 'JGBatchId': '1', 'eventName': '存在被锁定的安全登录KEY', 'category': '行为异常', 'level': '一般', 'triggerCondition': '超过1周未处理'}, {'status': '0', 'totalAll': 100, 'beginTime': '2020-10-16 10:12:46', 'endTime': '2020-10-16 10:12:46', 'JGKpiCode': 'JG3074', 'totalUser': 1, 'totalIps': 1, 'totalDstIps': 0, 'isRecord': 0, 'JGBatchId': '1', 'eventName': '发现非涉密机通过互联网传播涉密信息', 'category': '数据安全保密', 'level': '特别重大', 'triggerCondition': '发生即告警'}, {'status': '0', 'totalAll': 100, 'beginTime': '2020-10-16 10:12:50', 'endTime': '2020-10-16 10:12:50', 'JGKpiCode': 'JG3076', 'totalUser': 1, 'totalIps': 1, 'totalDstIps': 0, 'isRecord': 0, 'JGBatchId': '1', 'eventName': '发现非涉密机打印涉密信息', 'category': '数据安全保密', 'level': '特别重大', 'triggerCondition': '发生即告警'}, {'status': '0', 'totalAll': 2, 'beginTime': '2020-10-16 10:23:20', 'endTime': '2020-10-16 10:23:25', 'JGKpiCode': 'JG3023', 'totalUser': 1, 'totalIps': 1, 'totalDstIps': 0, 'isRecord': 0, 'JGBatchId': '1', 'eventName': '主机违规连接无线鼠标、键盘等无线设备', 'category': '配置合规性', 'level': '重大', 'triggerCondition': '发生即告警'}, {'status': '0', 'totalAll': 2, 'beginTime': '2020-10-16 10:14:25', 'endTime': '2020-10-16 10:22:44', 'JGKpiCode': 'JG3191', 'totalUser': 1, 'totalIps': 1, 'totalDstIps': 0, 'isRecord': 0, 'JGBatchId': '1', 'eventName': '拷贝知悉范围以外的涉密信息', 'category': '数据安全保密', 'level': '重大', 'triggerCondition': '发生即告警'}, {'status': '0', 'totalAll': 2, 'beginTime': '2020-10-16 10:13:17', 'endTime': '2020-10-16 10:14:19', 'JGKpiCode': 'JG3192', 'totalUser': 1, 'totalIps': 1, 'totalDstIps': 0, 'isRecord': 0, 'JGBatchId': '1', 'eventName': '刻录知悉范围以外的涉密信息', 'category': '数据安全保密', 'level': '重大', 'triggerCondition': '发生即告警'}, {'status': '0', 'totalAll': 1, 'beginTime': '2020-10-16 10:01:46', 'endTime': '2020-10-16 10:01:46', 'JGKpiCode': 'JG1054', 'totalUser': 1, 'totalIps': 1, 'totalDstIps': 0, 'isRecord': 0, 'JGBatchId': '1', 'eventName': '可能的蠕虫爆发', 'category': '网络安全', 'level': '重大', 'triggerCondition': '超过7个工作日未处理'}, {'status': '0', 'totalAll': 1, 'beginTime': '2020-10-16 10:23:13', 'endTime': '2020-10-16 10:23:13', 'JGKpiCode': 'JG3025', 'totalUser': 1, 'totalIps': 1, 'totalDstIps': 0, 'isRecord': 0, 'JGBatchId': '1', 'eventName': '越权访问涉密信息', 'category': '行为异常', 'level': '重大', 'triggerCondition': '发生即告警'}, {'status': '0', 'totalAll': 1, 'beginTime': '2020-10-16 10:23:07', 'endTime': '2020-10-16 10:23:07', 'JGKpiCode': 'JG3041', 'totalUser': 1, 'totalIps': 1, 'totalDstIps': 0, 'isRecord': 0, 'JGBatchId': '1', 'eventName': '擅自扫描或检测涉密网络基础设施、安全保密设施设备以及应用系统', 'category': '配置合规性', 'level': '重大', 'triggerCondition': '超过24小时未处理'}, {'status': '0', 'totalAll': 1, 'beginTime': '2020-10-16 10:23:01', 'endTime': '2020-10-16 10:23:01', 'JGKpiCode': 'JG3042', 'totalUser': 1, 'totalIps': 1, 'totalDstIps': 0, 'isRecord': 0, 'JGBatchId': '1', 'eventName': '安装非授权软件', 'category': '配置合规性', 'level': '重大', 'triggerCondition': '超过24小时未处理'}, {'status': '0', 'totalAll': 1, 'beginTime': '2020-10-16 10:22:51', 'endTime': '2020-10-16 10:22:51', 'JGKpiCode': 'JG3079', 'totalUser': 1, 'totalIps': 1, 'totalDstIps': 0, 'isRecord': 0, 'JGBatchId': '1', 'eventName': '存在非涉密机大量存储、处理涉密信息', 'category': '数据安全保密', 'level': '重大', 'triggerCondition': '发生即告警'}, {'status': '0', 'totalAll': 1, 'beginTime': '2020-10-16 10:13:13', 'endTime': '2020-10-16 10:13:13', 'JGKpiCode': 'JG3193', 'totalUser': 1, 'totalIps': 1, 'totalDstIps': 0, 'isRecord': 0, 'JGBatchId': '1', 'eventName': '打印知悉范围以外的涉密信息', 'category': '数据安全保密', 'level': '重大', 'triggerCondition': '发生即告警'}, {'status': '0', 'totalAll': 1, 'beginTime': '2020-10-16 10:13:08', 'endTime': '2020-10-16 10:13:08', 'JGKpiCode': 'JG3194', 'totalUser': 1, 'totalIps': 1, 'totalDstIps': 0, 'isRecord': 0, 'JGBatchId': '1', 'eventName': '传输知悉范围以外的涉密信息', 'category': '数据安全保密', 'level': '重大', 'triggerCondition': '发生即告警'}, {'status': '0', 'totalAll': 1, 'beginTime': '2020-10-19 00:12:20', 'endTime': '2020-10-19 00:12:20', 'JGKpiCode': 'JG3409', 'totalUser': 0, 'totalIps': 0, 'totalDstIps': 0, 'isRecord': 0, 'JGBatchId': '1', 'eventName': '安全保密产品审计功能异常', 'category': '行为异常', 'level': '较大', 'triggerCondition': '发生即告警'}]}
2020-10-19 10:36:57,854 - 02demo.py - INFO - **********步骤二：文件上传**********
2020-10-19 10:36:57,854 - api_page.py - INFO - -----文件上传接口调用开始-----
2020-10-19 10:36:57,854 - api_page.py - INFO - 接口地址：http://172.168.3.194:8010/ui/uploadFile
2020-10-19 10:36:57,870 - api_page.py - INFO - -----文件上传接口调用结束-----
2020-10-19 10:36:57,870 - 02demo.py - INFO - 接口返回码为：200
2020-10-19 10:36:57,870 - 02demo.py - INFO - 接口返回内容：{'data': {'errorcode': 0, 'downfile': '/ui/download?link=/1603075007245/fileupload.xls&filename=fileupload.xls', 'filepath': '/1603075007245/fileupload.xls', 'filename': 'fileupload.xls', 'msg': '上传成功', 'raw': None}}
2020-10-19 10:36:57,870 - 02demo.py - INFO - 上传的文件内容：[{'downfile': '/ui/download?link=/1603075007245/fileupload.xls&filename=fileupload.xls', 'filepath': '/1603075007245/fileupload.xls', 'filename': 'fileupload.xls', 'size': 38400}]
2020-10-19 10:36:57,870 - 02demo.py - INFO - **********步骤三：填写核查表单**********
2020-10-19 10:36:57,870 - api_page.py - INFO - -----填写核查表单接口调用开始-----
2020-10-19 10:36:57,885 - api_page.py - INFO - 接口地址：http://172.168.3.194:8010/flowable-api/startFlowWithFormNotBatchId
2020-10-19 10:36:57,948 - api_page.py - INFO - -----填写核查表单接口调用结束-----
2020-10-19 10:36:57,948 - 02demo.py - INFO - 接口返回码为：200
2020-10-19 10:36:57,948 - 02demo.py - INFO - 接口返回内容：{'batchId': '1603075007263', 'processInsId': 'ef11a118-11b3-11eb-ab90-0a22f35313e2', 'errorcode': '0'}
2020-10-19 10:36:57,963 - 02demo.py - INFO - **********步骤四：发起核查申请**********
2020-10-19 10:36:57,963 - api_page.py - INFO - -----提交核查申请接口调用开始-----
2020-10-19 10:36:57,963 - api_page.py - INFO - 接口地址：http://172.168.3.194:8010/bmbFlowdata/disposeJGEventsForMerge
2020-10-19 10:36:58,497 - api_page.py - INFO - -----提交核查申请接口调用结束-----
2020-10-19 10:36:58,497 - 02demo.py - INFO - 接口返回码为：200
2020-10-19 10:36:58,497 - 02demo.py - INFO - 接口返回内容：{'errorcode': 0, 'msg': '事件处置成功'}
